<?xml version="1.0" encoding="UTF-8"?>
<testsuite xmlns:xsi="http://www.w3.org/2001/XMLSchema-instance" xsi:noNamespaceSchemaLocation="https://maven.apache.org/surefire/maven-surefire-plugin/xsd/surefire-test-report.xsd" name="es.iespuertolacruz.rubengonzalezrodriguez.Test.GestionTest" time="0.111" tests="4" errors="0" skipped="0" failures="0">
  <properties>
[...]
</properties>
  <testcase name="insertarClienteTest" classname="es.iespuertolacruz.rubengonzalezrodriguez.Test.GestionTest" time="0.051"/>
  <testcase name="buscarClienteTest" classname="es.iespuertolacruz.rubengonzalezrodriguez.Test.GestionTest" time="0.005"/>
  <testcase name="buscarCocheTest" classname="es.iespuertolacruz.rubengonzalezrodriguez.Test.GestionTest" time="0.001"/>
  <testcase name="insertarCocheTest" classname="es.iespuertolacruz.rubengonzalezrodriguez.Test.GestionTest" time="0.001"/>
</testsuite>