GROUP,PACKAGE,CLASS,INSTRUCTION_MISSED,INSTRUCTION_COVERED,BRANCH_MISSED,BRANCH_COVERED,LINE_MISSED,LINE_COVERED,COMPLEXITY_MISSED,COMPLEXITY_COVERED,METHOD_MISSED,METHOD_COVERED
ConversorDivisa_RubenGonzalezRodriguez,es.iespuertolacruz.rubengonzalezrodriguez.modelo,DivisaModelo,3,0,0,0,1,0,1,0,1,0
ConversorDivisa_RubenGonzalezRodriguez,es.iespuertolacruz.rubengonzalezrodriguez.api,Divisa,5,56,4,4,2,18,4,8,0,8
ConversorDivisa_RubenGonzalezRodriguez,es.iespuertolacruz.rubengonzalezrodriguez.vista,App,7,0,0,0,3,0,2,0,2,0
ConversorDivisa_RubenGonzalezRodriguez,es.iespuertolacruz.rubengonzalezrodriguez.exception,DivisaException,9,0,0,0,4,0,2,0,2,0
ConversorDivisa_RubenGonzalezRodriguez,es.iespuertolacruz.rubengonzalezrodriguez.controller,DivisaController,20,0,2,0,8,0,3,0,2,0
